<?xml version="1.0" encoding="UTF-8"?>
<!-- Generated by org.testng.reporters.JUnitXMLReporter -->
<testsuite ignored="0" hostname="DESKTOP-U1EHAR2" failures="0" tests="5" name="CrossBowserTest" time="121.593" errors="0" timestamp="2022-08-11T14:18:54 IST">
  <testcase classname="com.SauceDemo.TestClassees.TC09VerifyAddtocartFunctionality" name="verifyaddtocartfunctionality" time="0.573"/>
  <testcase classname="com.SauceDemo.TestClassees.TC14VerifyMultipleAddtocart" name="verifymultipleproductaddtocart" time="15.053"/>
  <testcase classname="com.SauceDemo.TestClassees.TC01VerifyURL" name="VerifyURL" time="0.02"/>
  <testcase classname="com.SauceDemo.TestClassees.TC12VerifyLogoutFunctionality" name="verifyLogoutFunctionality" time="4.888"/>
  <testcase classname="com.SauceDemo.TestClassees.TC04VerifyLoginFunctionality" name="verifyLoginfunction" time="0.258"/>
</testsuite> <!-- CrossBowserTest -->
