<?xml version="1.0" encoding="UTF-8"?>
<!-- Generated by org.testng.reporters.JUnitXMLReporter -->
<testsuite ignored="0" hostname="DESKTOP-U1EHAR2" failures="0" tests="5" name="MultibrowserTest1" time="37.199" errors="0" timestamp="2022-08-11T14:43:19 IST">
  <testcase classname="com.SauceDemo.TestClassees.TC09VerifyAddtocartFunctionality" name="verifyaddtocartfunctionality" time="0.413"/>
  <testcase classname="com.SauceDemo.TestClassees.TC14VerifyMultipleAddtocart" name="verifymultipleproductaddtocart" time="2.098"/>
  <testcase classname="com.SauceDemo.TestClassees.TC01VerifyURL" name="VerifyURL" time="0.012"/>
  <testcase classname="com.SauceDemo.TestClassees.TC12VerifyLogoutFunctionality" name="verifyLogoutFunctionality" time="0.392"/>
  <testcase classname="com.SauceDemo.TestClassees.TC04VerifyLoginFunctionality" name="verifyLoginfunction" time="0.278"/>
</testsuite> <!-- MultibrowserTest1 -->
