<?xml version="1.0" encoding="UTF-8"?>
<!-- Generated by org.testng.reporters.JUnitXMLReporter -->
<testsuite ignored="0" hostname="DESKTOP-U1EHAR2" failures="0" tests="5" name="MultibrowserTest" time="93.567" errors="0" timestamp="2022-08-11T14:44:53 IST">
  <testcase classname="com.SauceDemo.TestClassees.TC09VerifyAddtocartFunctionality" name="verifyaddtocartfunctionality" time="0.212"/>
  <testcase classname="com.SauceDemo.TestClassees.TC14VerifyMultipleAddtocart" name="verifymultipleproductaddtocart" time="32.69"/>
  <testcase classname="com.SauceDemo.TestClassees.TC01VerifyURL" name="VerifyURL" time="0.008"/>
  <testcase classname="com.SauceDemo.TestClassees.TC12VerifyLogoutFunctionality" name="verifyLogoutFunctionality" time="0.579"/>
  <testcase classname="com.SauceDemo.TestClassees.TC04VerifyLoginFunctionality" name="verifyLoginfunction" time="0.25"/>
</testsuite> <!-- MultibrowserTest -->
